<?xml version="1.0" encoding="UTF-8"?>
<!-- Generated by org.testng.reporters.JUnitReportReporter -->
<testsuite hostname="LAPTOP-7S7K48R8" name="testing.B" tests="1" failures="0" timestamp="7 May 2020 20:10:13 GMT" time="0.001" errors="0">
  <testcase name="tc002Second" time="0.001" classname="testing.B"/>
</testsuite> <!-- testing.B -->
