<?xml version="1.0" encoding="UTF-8"?>
<!-- Generated by org.testng.reporters.JUnitReportReporter -->
<testsuite hostname="LAPTOP-7S7K48R8" name="testing.D" tests="1" failures="0" timestamp="7 May 2020 19:57:48 GMT" time="0.006" errors="0">
  <testcase name="tcase1" time="0.006" classname="testing.D"/>
</testsuite> <!-- testing.D -->
