<?xml version="1.0" encoding="UTF-8"?>
<!-- Generated by org.testng.reporters.JUnitReportReporter -->
<testsuite hostname="LAPTOP-7S7K48R8" name="testing.A" tests="2" failures="0" timestamp="7 May 2020 20:10:13 GMT" time="0.012" errors="0">
  <testcase name="tc003" time="0.007" classname="testing.A"/>
  <testcase name="tc001" time="0.005" classname="testing.A"/>
</testsuite> <!-- testing.A -->
